<?xml version="1.0" encoding="UTF-8"?>
<!-- Generated by org.testng.reporters.JUnitXMLReporter -->
<testsuite ignored="4" hostname="Dell-C193V93" failures="0" tests="9" name="Personal Loan" time="0.065" errors="0" timestamp="2024-07-19T21:44:53 IST">
  <testcase classname="Framewrk.day1" name="Demo" time="0.003"/>
  <testcase classname="Framewrk.day1" name="SecondTest" time="0.0"/>
  <testcase classname="Framewrk.day3" name="MobileSignoutcarLoan" time="0.001"/>
  <testcase classname="Framewrk.day3" name="MobileSignoutcarLoan" time="0.002"/>
  <testcase classname="Framewrk.day3" name="MobileSignoutcarLoan" time="0.002"/>
  <testcase classname="Framewrk.day3" name="webloginCarLoan" time="0.002"/>
  <testcase classname="Framewrk.day3" name="APIcarLoan" time="0.001"/>
  <testcase classname="Framewrk.day4" name="loginAPIHomeLoan" time="0.001"/>
  <testcase classname="Framewrk.day4" name="webloginHomeLoan" time="0.001"/>
  <testcase classname="Framewrk.day3" name="MobileSignincarLoan" time="0.0">
    <ignored/>
  </testcase> <!-- MobileSignincarLoan -->
  <testcase classname="Framewrk.day3" name="mobileloginCarLoan" time="0.0">
    <ignored/>
  </testcase> <!-- mobileloginCarLoan -->
  <testcase classname="Framewrk.day2" name="ploan" time="0.0">
    <ignored/>
  </testcase> <!-- ploan -->
  <testcase classname="Framewrk.day4" name="mobileloginHomeLoan" time="0.0">
    <ignored/>
  </testcase> <!-- mobileloginHomeLoan -->
</testsuite> <!-- Personal Loan -->
