<?xml version="1.0" encoding="UTF-8"?>
<testng-results ignored="0" total="9" passed="9" failed="0" skipped="0">
  <reporter-output>
  </reporter-output>
  <suite started-at="2024-07-19T21:44:53 IST" name="Loan Department" finished-at="2024-07-19T21:44:53 IST" duration-ms="65">
    <groups>
    </groups>
    <test started-at="2024-07-19T21:44:53 IST" name="Personal Loan" finished-at="2024-07-19T21:44:53 IST" duration-ms="65">
      <class name="Framewrk.day1">
        <test-method signature="Demo()[pri:0, instance:Framewrk.day1@7ce026d3]" started-at="2024-07-19T21:44:53 IST" name="Demo" finished-at="2024-07-19T21:44:53 IST" duration-ms="3" status="PASS">
          <reporter-output>
          </reporter-output>
        </test-method> <!-- Demo -->
        <test-method signature="SecondTest()[pri:0, instance:Framewrk.day1@7ce026d3]" started-at="2024-07-19T21:44:53 IST" name="SecondTest" finished-at="2024-07-19T21:44:53 IST" duration-ms="0" status="PASS">
          <reporter-output>
          </reporter-output>
        </test-method> <!-- SecondTest -->
        <test-method is-config="true" signature="afSyite()[pri:0, instance:Framewrk.day1@7ce026d3]" started-at="2024-07-19T21:44:53 IST" name="afSyite" finished-at="2024-07-19T21:44:53 IST" duration-ms="0" status="PASS">
          <reporter-output>
          </reporter-output>
        </test-method> <!-- afSyite -->
      </class> <!-- Framewrk.day1 -->
      <class name="Framewrk.day2">
        <test-method is-config="true" signature="prerequiste()[pri:0, instance:Framewrk.day2@7e057f43]" started-at="2024-07-19T21:44:53 IST" name="prerequiste" finished-at="2024-07-19T21:44:53 IST" duration-ms="1" status="PASS">
          <reporter-output>
          </reporter-output>
        </test-method> <!-- prerequiste -->
      </class> <!-- Framewrk.day2 -->
      <class name="Framewrk.day3">
        <test-method is-config="true" signature="bfSuite()[pri:0, instance:Framewrk.day3@6440112d]" started-at="2024-07-19T21:44:53 IST" name="bfSuite" finished-at="2024-07-19T21:44:53 IST" duration-ms="8" status="PASS">
          <reporter-output>
          </reporter-output>
        </test-method> <!-- bfSuite -->
        <test-method is-config="true" signature="befoclass()[pri:0, instance:Framewrk.day3@6440112d]" started-at="2024-07-19T21:44:53 IST" name="befoclass" finished-at="2024-07-19T21:44:53 IST" duration-ms="0" status="PASS">
          <reporter-output>
          </reporter-output>
        </test-method> <!-- befoclass -->
        <test-method signature="MobileSignoutcarLoan(java.lang.String,java.lang.String)[pri:0, instance:Framewrk.day3@6440112d]" started-at="2024-07-19T21:44:53 IST" name="MobileSignoutcarLoan" data-provider="getData" finished-at="2024-07-19T21:44:53 IST" duration-ms="1" status="PASS">
          <params>
            <param index="0">
              <value>
                <![CDATA[Firstsetusername]]>
              </value>
            </param>
            <param index="1">
              <value>
                <![CDATA[Firstpassword]]>
              </value>
            </param>
          </params>
          <reporter-output>
          </reporter-output>
        </test-method> <!-- MobileSignoutcarLoan -->
        <test-method is-config="true" signature="beforeevery()[pri:0, instance:Framewrk.day3@6440112d]" started-at="2024-07-19T21:44:53 IST" name="beforeevery" finished-at="2024-07-19T21:44:53 IST" duration-ms="0" status="PASS">
          <reporter-output>
          </reporter-output>
        </test-method> <!-- beforeevery -->
        <test-method signature="MobileSignoutcarLoan(java.lang.String,java.lang.String)[pri:0, instance:Framewrk.day3@6440112d]" started-at="2024-07-19T21:44:53 IST" name="MobileSignoutcarLoan" data-provider="getData" finished-at="2024-07-19T21:44:53 IST" duration-ms="2" status="PASS">
          <params>
            <param index="0">
              <value>
                <![CDATA[Secondsetusername]]>
              </value>
            </param>
            <param index="1">
              <value>
                <![CDATA[Secondpassword]]>
              </value>
            </param>
          </params>
          <reporter-output>
          </reporter-output>
        </test-method> <!-- MobileSignoutcarLoan -->
        <test-method is-config="true" signature="afterevery()[pri:0, instance:Framewrk.day3@6440112d]" started-at="2024-07-19T21:44:53 IST" name="afterevery" finished-at="2024-07-19T21:44:53 IST" duration-ms="0" status="PASS">
          <reporter-output>
          </reporter-output>
        </test-method> <!-- afterevery -->
        <test-method is-config="true" signature="beforeevery()[pri:0, instance:Framewrk.day3@6440112d]" started-at="2024-07-19T21:44:53 IST" name="beforeevery" finished-at="2024-07-19T21:44:53 IST" duration-ms="0" status="PASS">
          <reporter-output>
          </reporter-output>
        </test-method> <!-- beforeevery -->
        <test-method is-config="true" signature="afterevery()[pri:0, instance:Framewrk.day3@6440112d]" started-at="2024-07-19T21:44:53 IST" name="afterevery" finished-at="2024-07-19T21:44:53 IST" duration-ms="1" status="PASS">
          <reporter-output>
          </reporter-output>
        </test-method> <!-- afterevery -->
        <test-method is-config="true" signature="beforeevery()[pri:0, instance:Framewrk.day3@6440112d]" started-at="2024-07-19T21:44:53 IST" name="beforeevery" finished-at="2024-07-19T21:44:53 IST" duration-ms="1" status="PASS">
          <reporter-output>
          </reporter-output>
        </test-method> <!-- beforeevery -->
        <test-method signature="MobileSignoutcarLoan(java.lang.String,java.lang.String)[pri:0, instance:Framewrk.day3@6440112d]" started-at="2024-07-19T21:44:53 IST" name="MobileSignoutcarLoan" data-provider="getData" finished-at="2024-07-19T21:44:53 IST" duration-ms="2" status="PASS">
          <params>
            <param index="0">
              <value>
                <![CDATA[Thirdsetusername]]>
              </value>
            </param>
            <param index="1">
              <value>
                <![CDATA[Thirdpassword]]>
              </value>
            </param>
          </params>
          <reporter-output>
          </reporter-output>
        </test-method> <!-- MobileSignoutcarLoan -->
        <test-method is-config="true" signature="afterevery()[pri:0, instance:Framewrk.day3@6440112d]" started-at="2024-07-19T21:44:53 IST" name="afterevery" finished-at="2024-07-19T21:44:53 IST" duration-ms="0" status="PASS">
          <reporter-output>
          </reporter-output>
        </test-method> <!-- afterevery -->
        <test-method is-config="true" signature="beforeevery()[pri:0, instance:Framewrk.day3@6440112d]" started-at="2024-07-19T21:44:53 IST" name="beforeevery" finished-at="2024-07-19T21:44:53 IST" duration-ms="1" status="PASS">
          <reporter-output>
          </reporter-output>
        </test-method> <!-- beforeevery -->
        <test-method signature="webloginCarLoan(java.lang.String,java.lang.String)[pri:0, instance:Framewrk.day3@6440112d]" started-at="2024-07-19T21:44:53 IST" name="webloginCarLoan" finished-at="2024-07-19T21:44:53 IST" duration-ms="2" status="PASS">
          <params>
            <param index="0">
              <value>
                <![CDATA[carloan.com]]>
              </value>
            </param>
            <param index="1">
              <value>
                <![CDATA[123456]]>
              </value>
            </param>
          </params>
          <reporter-output>
          </reporter-output>
        </test-method> <!-- webloginCarLoan -->
        <test-method is-config="true" signature="afterevery()[pri:0, instance:Framewrk.day3@6440112d]" started-at="2024-07-19T21:44:53 IST" name="afterevery" finished-at="2024-07-19T21:44:53 IST" duration-ms="0" status="PASS">
          <reporter-output>
          </reporter-output>
        </test-method> <!-- afterevery -->
        <test-method is-config="true" signature="beforeevery()[pri:0, instance:Framewrk.day3@6440112d]" started-at="2024-07-19T21:44:53 IST" name="beforeevery" finished-at="2024-07-19T21:44:53 IST" duration-ms="2" status="PASS">
          <reporter-output>
          </reporter-output>
        </test-method> <!-- beforeevery -->
        <test-method signature="APIcarLoan()[pri:0, instance:Framewrk.day3@6440112d]" started-at="2024-07-19T21:44:53 IST" name="APIcarLoan" finished-at="2024-07-19T21:44:53 IST" depends-on-methods="Framewrk.day3.MobileSignoutcarLoan, Framewrk.day3.webloginCarLoan" duration-ms="1" status="PASS">
          <reporter-output>
          </reporter-output>
        </test-method> <!-- APIcarLoan -->
        <test-method is-config="true" signature="afterevery()[pri:0, instance:Framewrk.day3@6440112d]" started-at="2024-07-19T21:44:53 IST" name="afterevery" finished-at="2024-07-19T21:44:53 IST" duration-ms="0" status="PASS">
          <reporter-output>
          </reporter-output>
        </test-method> <!-- afterevery -->
        <test-method is-config="true" signature="afteclass()[pri:0, instance:Framewrk.day3@6440112d]" started-at="2024-07-19T21:44:53 IST" name="afteclass" finished-at="2024-07-19T21:44:53 IST" duration-ms="0" status="PASS">
          <reporter-output>
          </reporter-output>
        </test-method> <!-- afteclass -->
      </class> <!-- Framewrk.day3 -->
      <class name="Framewrk.day4">
        <test-method signature="loginAPIHomeLoan()[pri:0, instance:Framewrk.day4@31ea9581]" started-at="2024-07-19T21:44:53 IST" name="loginAPIHomeLoan" finished-at="2024-07-19T21:44:53 IST" duration-ms="1" status="PASS">
          <reporter-output>
          </reporter-output>
        </test-method> <!-- loginAPIHomeLoan -->
        <test-method signature="webloginHomeLoan(java.lang.String)[pri:0, instance:Framewrk.day4@31ea9581]" started-at="2024-07-19T21:44:53 IST" name="webloginHomeLoan" finished-at="2024-07-19T21:44:53 IST" duration-ms="1" status="PASS">
          <params>
            <param index="0">
              <value>
                <![CDATA[carloan.com]]>
              </value>
            </param>
          </params>
          <reporter-output>
          </reporter-output>
        </test-method> <!-- webloginHomeLoan -->
      </class> <!-- Framewrk.day4 -->
    </test> <!-- Personal Loan -->
  </suite> <!-- Loan Department -->
</testng-results>
